<?xml version="1.0" encoding="UTF-8"?>
<testsuite name="| &quot;mr&quot; | &quot;jov&quot; | &quot;&quot; | &quot;233232323&quot; | sis.last.name.size.invalid | Last name must be 1 to 40 characters |" tests="5" skipped="0" failures="0" errors="0" timestamp="2015-11-30T17:04:23" hostname="jov-HP-Z220-CMT-Workstation" time="0.193">
  <properties/>
  <testcase name="Given I target the PO environment" classname="| &quot;mr&quot; | &quot;jov&quot; | &quot;&quot; | &quot;233232323&quot; | sis.last.name.size.invalid | Last name must be 1 to 40 characters |" time="0.0"/>
  <testcase name="When I create an interaction reference" classname="| &quot;mr&quot; | &quot;jov&quot; | &quot;&quot; | &quot;233232323&quot; | sis.last.name.size.invalid | Last name must be 1 to 40 characters |" time="0.0"/>
  <testcase name="And I update the customer with" classname="| &quot;mr&quot; | &quot;jov&quot; | &quot;&quot; | &quot;233232323&quot; | sis.last.name.size.invalid | Last name must be 1 to 40 characters |" time="0.0"/>
  <testcase name="Then the response status is 422" classname="| &quot;mr&quot; | &quot;jov&quot; | &quot;&quot; | &quot;233232323&quot; | sis.last.name.size.invalid | Last name must be 1 to 40 characters |" time="0.0"/>
  <testcase name="classMethod" classname="| &quot;mr&quot; | &quot;jov&quot; | &quot;&quot; | &quot;233232323&quot; | sis.last.name.size.invalid | Last name must be 1 to 40 characters |" time="0.334"/>
  <system-out><![CDATA[not a valid json
{
    "PATH": "/bin:/usr/bin",
    "VCAP_APP_HOST": "0.0.0.0",
    "ces-catalogue": {
        "cache": {
            "TTL": "60 minutes"
        },
        "circuit-breaker": {
            "maxFailures": 5,
            "resetTimeout": "1 minute",
            "callTimeout": "10 seconds"
        },
        "get-product-catalogue": "/cbs-catalogue-evaluation-service/v1/catalogues/NOW_TV"
    },
    "CORS_HOSTNAMES": "10\\.65\\.140\\..*,web\\.static\\.nowtv\\.com,localhost\\.nowtv\\.com",
    "line": {
        "separator": "\n"
    },
    "JAVA_OPTS": "-javaagent:lib/aspectjweaver-1.8.7.jar",
    "PAV_AES_SECRET": "secret1234567890",
    "XFILESEARCHPATH": "/usr/dt/app-defaults/%L/Dt",
    "development-e2e-d02": {
        "cbs-interaction": {
            "credentials": {
                "password": "*****",
                "url": "https://lwssisd02.gss.bskyb.com",
                "username": "demo"
            }
        }
    },
    "LANG": "en_US.UTF-8",
    "development-e2e-d01": {
        "ces-catalogue": {
            "credentials": {
                "password": "*****",
                "url": "http://udcsg14a:16580",
                "username": "demo"
            }
        },
        "lws-address": {
            "credentials": {
                "password": "*****",
                "url": "http://ud001481",
                "username": "demo"
            }
        },
        "cbs-interaction": {
            "credentials": {
                "password": "*****",
                "url": "http://udcsg13b:18280",
                "username": "demo"
            }
        }
    },
    "sun": {
        "jnu": {
            "encoding": "UTF-8"
        },
        "java": {
            "command": "com.nowtv.pav.po.Application",
            "launcher": "SUN_STANDARD"
        },
        "os": {
            "patch": {
                "level": "unknown"
            }
        },
        "management": {
            "compiler": "HotSpot 64-Bit Tiered Compilers"
        },
        "io": {
            "unicode": {
                "encoding": "UnicodeLittle"
            }
        },
        "cpu": {
            "isalist": "",
            "endian": "little"
        },
        "arch": {
            "data": {
                "model": "64"
            }
        },
        "boot": {
            "library": {
                "path": "/home/vcap/app/.java-buildpack/open_jdk_jre/lib/amd64"
            },
            "class": {
                "path": "/home/vcap/app/.java-buildpack/open_jdk_jre/lib/resources.jar:/home/vcap/app/.java-buildpack/open_jdk_jre/lib/rt.jar:/home/vcap/app/.java-buildpack/open_jdk_jre/lib/sunrsasign.jar:/home/vcap/app/.java-buildpack/open_jdk_jre/lib/jsse.jar:/home/vcap/app/.java-buildpack/open_jdk_jre/lib/jce.jar:/home/vcap/app/.java-buildpack/open_jdk_jre/lib/charsets.jar:/home/vcap/app/.java-buildpack/open_jdk_jre/lib/jfr.jar:/home/vcap/app/.java-buildpack/open_jdk_jre/classes"
            }
        }
    },
    "path": {
        "separator": ":"
    },
    "DATABASE_URL": "",
    "file": {
        "encoding": {
            "pkg": "sun.io"
        },
        "separator": "/"
    },
    "java": {
        "ext": {
            "dirs": "/home/vcap/app/.java-buildpack/open_jdk_jre/lib/ext:/usr/java/packages/lib/ext"
        },
        "library": {
            "path": "/usr/java/packages/lib/amd64:/usr/lib64:/lib64:/lib:/usr/lib"
        },
        "io": {
            "tmpdir": "/home/vcap/tmp"
        },
        "vendor": {
            "url": {
                "bug": "http://bugreport.sun.com/bugreport/"
            }
        },
        "vm": {
            "vendor": "Oracle Corporation",
            "name": "OpenJDK 64-Bit Server VM",
            "specification": {
                "vendor": "Oracle Corporation",
                "name": "Java Virtual Machine Specification",
                "version": "1.8"
            },
            "version": "25.66-b27",
            "info": "mixed mode"
        },
        "runtime": {
            "name": "OpenJDK Runtime Environment",
            "version": "1.8.0_60--vagrant_2015_09_08_07_28-b27"
        },
        "specification": {
            "vendor": "Oracle Corporation",
            "name": "Java Platform API Specification",
            "version": "1.8"
        },
        "class": {
            "path": "/home/vcap/app/.:/home/vcap/app/lib/HdrHistogram-2.1.7.jar:/home/vcap/app/lib/akka-actor_2.11-2.4.0.jar:/home/vcap/app/lib/akka-slf4j_2.11-2.3.14.jar:/home/vcap/app/lib/aspectjweaver-1.8.7.jar:/home/vcap/app/lib/bcprov-jdk15on-1.50.jar:/home/vcap/app/lib/casbah-commons_2.11-2.7.1.jar:/home/vcap/app/lib/casbah-core_2.11-2.7.1.jar:/home/vcap/app/lib/casbah-query_2.11-2.7.1.jar:/home/vcap/app/lib/circuit-breaker-0.0.3.jar:/home/vcap/app/lib/commons-codec-1.6.jar:/home/vcap/app/lib/commons-io-2.4.jar:/home/vcap/app/lib/commons-lang-2.6.jar:/home/vcap/app/lib/commons-lang3-3.3.1.jar:/home/vcap/app/lib/commons-logging-1.1.3.jar:/home/vcap/app/lib/concurrentlinkedhashmap-lru-1.4.jar:/home/vcap/app/lib/config-1.3.0.jar:/home/vcap/app/lib/config-commons-0.1.2.jar:/home/vcap/app/lib/gomac-1.4.jar:/home/vcap/app/lib/guava-18.0.jar:/home/vcap/app/lib/httpclient-4.3.5.jar:/home/vcap/app/lib/httpcore-4.3.2.jar:/home/vcap/app/lib/jackson-annotations-2.5.4.jar:/home/vcap/app/lib/jackson-core-2.5.4.jar:/home/vcap/app/lib/jackson-core-asl-1.9.9.jar:/home/vcap/app/lib/jackson-databind-2.5.4.jar:/home/vcap/app/lib/jackson-datatype-jdk8-2.5.4.jar:/home/vcap/app/lib/jackson-datatype-jsr310-2.5.4.jar:/home/vcap/app/lib/jackson-mapper-asl-1.9.9.jar:/home/vcap/app/lib/javassist-3.19.0-GA.jar:/home/vcap/app/lib/javax.ws.rs-api-2.0.jar:/home/vcap/app/lib/joda-convert-1.7.jar:/home/vcap/app/lib/joda-time-2.7.jar:/home/vcap/app/lib/json-lenses_2.11-0.6.0.jar:/home/vcap/app/lib/json-path-0.8.1.jar:/home/vcap/app/lib/json-smart-1.1.1.jar:/home/vcap/app/lib/json4s-ast_2.11-3.3.0.jar:/home/vcap/app/lib/json4s-core_2.11-3.3.0.jar:/home/vcap/app/lib/json4s-native_2.11-3.3.0.jar:/home/vcap/app/lib/json4s-scalap_2.11-3.3.0.jar:/home/vcap/app/lib/jsr305-3.0.0.jar:/home/vcap/app/lib/kamon-akka_2.11-0.5.2.jar:/home/vcap/app/lib/kamon-core_2.11-0.5.2.jar:/home/vcap/app/lib/kamon-newrelic_2.11-0.5.2.jar:/home/vcap/app/lib/kamon-scala_2.11-0.5.2.jar:/home/vcap/app/lib/kamon-spray_2.11-0.5.2.jar:/home/vcap/app/lib/kamon-statsd_2.11-0.5.2.jar:/home/vcap/app/lib/kamon-system-metrics_2.11-0.5.2.jar:/home/vcap/app/lib/logback-classic-1.1.3.jar:/home/vcap/app/lib/logback-core-1.1.3.jar:/home/vcap/app/lib/macros_2.11-1.0.5.jar:/home/vcap/app/lib/metrics-core-3.0.2.jar:/home/vcap/app/lib/mimepull-1.9.5.jar:/home/vcap/app/lib/mongo-java-driver-2.12.1.jar:/home/vcap/app/lib/newrelic-api-3.11.0.jar:/home/vcap/app/lib/nscala-time_2.11-1.0.0.jar:/home/vcap/app/lib/paranamer-2.8.jar:/home/vcap/app/lib/parboiled-core-1.1.7.jar:/home/vcap/app/lib/parboiled-scala_2.11-1.1.7.jar:/home/vcap/app/lib/play-datacommons_2.11-2.4.1.jar:/home/vcap/app/lib/play-functional_2.11-2.4.1.jar:/home/vcap/app/lib/play-iteratees_2.11-2.4.1.jar:/home/vcap/app/lib/play-json_2.11-2.4.1.jar:/home/vcap/app/lib/protobuf-java-2.6.1.jar:/home/vcap/app/lib/rest-commons-0.1.39.jar:/home/vcap/app/lib/runtime_2.11-1.0.5.jar:/home/vcap/app/lib/salat-core_2.11-1.9.9.jar:/home/vcap/app/lib/salat-util_2.11-1.9.9.jar:/home/vcap/app/lib/scala-compiler-2.11.2.jar:/home/vcap/app/lib/scala-library-2.11.7.jar:/home/vcap/app/lib/scala-parser-combinators_2.11-1.0.2.jar:/home/vcap/app/lib/scala-reflect-2.11.6.jar:/home/vcap/app/lib/scala-stm_2.11-0.7.jar:/home/vcap/app/lib/scala-xml_2.11-1.0.5.jar:/home/vcap/app/lib/scalap-2.11.2.jar:/home/vcap/app/lib/shapeless_2.11-2.1.0.jar:/home/vcap/app/lib/sigar-loader-1.6.5-rev002.jar:/home/vcap/app/lib/sky-request-filter-3.0.jar:/home/vcap/app/lib/slf4j-api-1.7.7.jar:/home/vcap/app/lib/spray-caching-1.3.1.jar:/home/vcap/app/lib/spray-can_2.11-1.3.3.jar:/home/vcap/app/lib/spray-client_2.11-1.3.2.jar:/home/vcap/app/lib/spray-http_2.11-1.3.3.jar:/home/vcap/app/lib/spray-httpx_2.11-1.3.3.jar:/home/vcap/app/lib/spray-io_2.11-1.3.3.jar:/home/vcap/app/lib/spray-json_2.11-1.3.1.jar:/home/vcap/app/lib/spray-routing-shapeless2_2.11-1.3.3.jar:/home/vcap/app/lib/spray-routing_2.11-1.3.2.jar:/home/vcap/app/lib/spray-util-1.3.1.jar:/home/vcap/app/lib/spray-util_2.11-1.3.3.jar:/home/vcap/app/lib/umv-client-3.0.4.jar:/home/vcap/app/lib/umv-utils-1.23.jar:lib/aspectjweaver-1.8.7.jar",
            "version": "52.0"
        },
        "version": "1.8.0_60-",
        "endorsed": {
            "dirs": "/home/vcap/app/.java-buildpack/open_jdk_jre/lib/endorsed"
        },
        "awt": {
            "graphicsenv": "sun.awt.X11GraphicsEnvironment",
            "printerjob": "sun.print.PSPrinterJob"
        },
        "home": "/home/vcap/app/.java-buildpack/open_jdk_jre"
    },
    "PWD": "/home/vcap/app",
    "VCAP_APPLICATION": "{\"limits\":{\"mem\":1024,\"disk\":1024,\"fds\":16384},\"application_version\":\"4887e83d-5b95-4035-9ba8-b89cc5127769\",\"application_name\":\"product-orchestration-blue\",\"application_uris\":[\"development-po-blue.cf.dev-paas.bskyb.com\"],\"version\":\"4887e83d-5b95-4035-9ba8-b89cc5127769\",\"name\":\"product-orchestration-blue\",\"space_name\":\"development\",\"space_id\":\"48dae084-1be2-4cbd-add7-a3ecb2037e10\",\"uris\":[\"development-po-blue.cf.dev-paas.bskyb.com\"],\"users\":null,\"application_id\":\"2ce9be1d-ca63-40ba-8196-f3db31c86d25\",\"instance_id\":\"84c9e87c129c4b8a835a12fa532623e6\",\"instance_index\":0,\"host\":\"0.0.0.0\",\"port\":61593,\"started_at\":\"2015-11-30 16:10:09 +0000\",\"started_at_timestamp\":1448899809,\"start\":\"2015-11-30 16:10:09 +0000\",\"state_timestamp\":1448899809}",
    "_": "/home/vcap/app/.java-buildpack/open_jdk_jre/bin/java",
    "info": {
        "build": {
            "name": "product-orchestration",
            "version": "0.1.0-SNAPSHOT"
        }
    },
    "umv": {
        "credentials": {
            "clientName": "demoapp",
            "secret": "supersecret2",
            "url": "https://umv-service_ueuw1_api_bskyb_com"
        },
        "syslog_drain_url": "",
        "name": "umv",
        "label": "user-provided",
        "tags": [
            
        ]
    },
    "development": {
        "ces-catalogue": {
            "credentials": {
                "password": "*****",
                "url": "https://localhost:8483",
                "username": "karel"
            }
        },
        "lws-address": {
            "credentials": {
                "password": "*****",
                "url": "https://localhost:8481",
                "username": "karel"
            }
        },
        "cbs-interaction": {
            "credentials": {
                "password": "*****",
                "url": "https://localhost:8482",
                "username": "karel"
            }
        },
        "umv": {
            "credentials": {
                "clientName": "nowtv",
                "secret": "supersecret2",
                "url": "http://localhost:8084/umv"
            }
        }
    },
    "PORT": "61593",
    "os": {
        "name": "Linux",
        "arch": "amd64",
        "version": "3.13.0-32-generic"
    },
    "spray": {
        "can": {
            "server": {
                "server-header": "spray-can/1.3.1",
                "parsing-error-abort-timeout": "2s",
                "chunkless-streaming": "off",
                "parsing": {
                    "max-chunk-ext-length": 256,
                    "max-content-length": "8m",
                    "incoming-auto-chunking-threshold-size": "infinite",
                    "max-uri-length": "2k",
                    "uri-parsing-mode": "strict",
                    "max-response-reason-length": 64,
                    "max-header-value-length": "8k",
                    "max-chunk-size": "1m",
                    "max-header-name-length": 64,
                    "ssl-session-info-header": "off",
                    "max-header-count": 64,
                    "illegal-header-warnings": "on",
                    "header-cache": {
                        "If-None-Match": 0,
                        "If-Range": 0,
                        "default": 12,
                        "If-Match": 0,
                        "User-Agent": 32,
                        "If-Modified-Since": 0,
                        "Date": 0,
                        "Content-MD5": 0,
                        "If-Unmodified-Since": 0
                    }
                },
                "bind-timeout": "3s",
                "max-encryption-chunk-size": "1m",
                "ssl-tracing": "off",
                "verbose-error-logging": "off",
                "request-timeout": "20 s",
                "registration-timeout": "5s",
                "request-chunk-aggregation-limit": "1m",
                "verbose-error-messages": "off",
                "idle-timeout": "60 s",
                "automatic-back-pressure-handling": "on",
                "ssl-encryption": "off",
                "raw-request-uri-header": "off",
                "unbind-timeout": "1s",
                "response-header-size-hint": 512,
                "stats-support": "on",
                "transparent-head-requests": "on",
                "timeout-timeout": "2 s",
                "default-host-header": "",
                "pipelining-limit": 1,
                "remote-address-header": "off",
                "back-pressure": {
                    "reading-low-watermark": "infinite",
                    "noack-rate": 10
                },
                "reaping-cycle": "250 ms",
                "chunkhandler-registration-timeout": "500 ms",
                "timeout-handler": ""
            },
            "host-connector": {
                "max-redirects": 0,
                "client": {
                    "proxy": {
                        "http": "default",
                        "https": "default"
                    },
                    "response-chunk-aggregation-limit": "1m",
                    "request-header-size-hint": 512,
                    "connecting-timeout": "10s",
                    "user-agent-header": "spray-can/1.3.1",
                    "request-timeout": "20 s",
                    "chunkless-streaming": "off",
                    "idle-timeout": "60 s",
                    "reaping-cycle": "250 ms",
                    "parsing": {
                        "max-chunk-ext-length": 256,
                        "max-content-length": "8m",
                        "incoming-auto-chunking-threshold-size": "infinite",
                        "max-uri-length": "2k",
                        "uri-parsing-mode": "strict",
                        "max-response-reason-length": 64,
                        "max-header-value-length": "8k",
                        "max-chunk-size": "1m",
                        "max-header-name-length": 64,
                        "ssl-session-info-header": "off",
                        "max-header-count": 64,
                        "illegal-header-warnings": "on",
                        "header-cache": {
                            "If-None-Match": 0,
                            "If-Range": 0,
                            "default": 12,
                            "If-Match": 0,
                            "User-Agent": 32,
                            "If-Modified-Since": 0,
                            "Date": 0,
                            "Content-MD5": 0,
                            "If-Unmodified-Since": 0
                        }
                    },
                    "max-encryption-chunk-size": "1m",
                    "ssl-tracing": "off"
                },
                "max-retries": 5,
                "idle-timeout": "30 s",
                "max-connections": 4,
                "pipelining": "off"
            },
            "listener-dispatcher": "akka.actor.default-dispatcher",
            "manager-dispatcher": "akka.actor.default-dispatcher",
            "client": {
                "proxy": {
                    "http": "default",
                    "https": "default"
                },
                "response-chunk-aggregation-limit": "1m",
                "request-header-size-hint": 512,
                "connecting-timeout": "10s",
                "user-agent-header": "spray-can/1.3.1",
                "request-timeout": "20 s",
                "chunkless-streaming": "off",
                "idle-timeout": "60 s",
                "reaping-cycle": "250 ms",
                "parsing": {
                    "max-chunk-ext-length": 256,
                    "max-content-length": "8m",
                    "incoming-auto-chunking-threshold-size": "infinite",
                    "max-uri-length": "2k",
                    "uri-parsing-mode": "strict",
                    "max-response-reason-length": 64,
                    "max-header-value-length": "8k",
                    "max-chunk-size": "1m",
                    "max-header-name-length": 64,
                    "ssl-session-info-header": "off",
                    "max-header-count": 64,
                    "illegal-header-warnings": "on",
                    "header-cache": {
                        "If-None-Match": 0,
                        "If-Range": 0,
                        "default": 12,
                        "If-Match": 0,
                        "User-Agent": 32,
                        "If-Modified-Since": 0,
                        "Date": 0,
                        "Content-MD5": 0,
                        "If-Unmodified-Since": 0
                    }
                },
                "max-encryption-chunk-size": "1m",
                "ssl-tracing": "off"
            },
            "parsing": {
                "max-chunk-ext-length": 256,
                "max-content-length": "8m",
                "incoming-auto-chunking-threshold-size": "infinite",
                "max-uri-length": "2k",
                "uri-parsing-mode": "strict",
                "max-response-reason-length": 64,
                "max-header-value-length": "8k",
                "max-chunk-size": "1m",
                "max-header-name-length": 64,
                "ssl-session-info-header": "off",
                "max-header-count": 64,
                "illegal-header-warnings": "on",
                "header-cache": {
                    "If-None-Match": 0,
                    "If-Range": 0,
                    "default": 12,
                    "If-Match": 0,
                    "User-Agent": 32,
                    "If-Modified-Since": 0,
                    "Date": 0,
                    "Content-MD5": 0,
                    "If-Unmodified-Since": 0
                }
            },
            "connection-dispatcher": "akka.actor.default-dispatcher",
            "host-connector-dispatcher": "akka.actor.default-dispatcher",
            "settings-group-dispatcher": "akka.actor.default-dispatcher"
        },
        "routing": {
            "file-chunking-chunk-size": "128k",
            "render-vanity-footer": "yes",
            "file-chunking-threshold-size": "128k",
            "range-coalescing-threshold": 80,
            "range-count-limit": 16,
            "verbose-error-messages": "off",
            "file-get-conditional": "on",
            "users": {
                "admin": "p4v4dm1n"
            }
        },
        "version": "1.3.1"
    },
    "VCAP_SERVICES": "{\"user-provided\":[{\"name\":\"cbs-interaction-development-cloud\",\"label\":\"user-provided\",\"tags\":[],\"credentials\":{\"password\":\"9hhsvLocVpO8aQP5\",\"url\":\"https://lwssise02.gss.bskyb.com\",\"username\":\"nowtv-platform\"},\"syslog_drain_url\":\"\"},{\"name\":\"ces-catalogue-development-cloud\",\"label\":\"user-provided\",\"tags\":[],\"credentials\":{\"password\":\"9hhsvLocVpO8aQP5\",\"url\":\"https://lwscese02.gss.bskyb.com\",\"username\":\"nowtv-platform\"},\"syslog_drain_url\":\"\"},{\"name\":\"lws-address-development-cloud\",\"label\":\"user-provided\",\"tags\":[],\"credentials\":{\"password\":\"password\",\"url\":\"http://ud001481.bskyb.com\",\"username\":\"demo\"},\"syslog_drain_url\":\"\"},{\"name\":\"umv\",\"label\":\"user-provided\",\"tags\":[],\"credentials\":{\"clientName\":\"demoapp\",\"secret\":\"supersecret2\",\"url\":\"https://umv-service.ueuw1.api.bskyb.com\"},\"syslog_drain_url\":\"\"}]}",
    "VCAP_ZONE": "slough",
    "lws-address": {
        "find": "/cbs-address-service/v1/addresses?%s&addFields=addressFields",
        "circuit-breaker": {
            "maxFailures": 5,
            "resetTimeout": "1 minute",
            "callTimeout": "10 seconds"
        }
    },
    "kamon": {
        "trace": {
            "threshold-sampler": {
                "minimum-elapsed-time": "1 second"
            },
            "incubator": {
                "max-incubation-time": "20 seconds",
                "min-incubation-time": "5 seconds",
                "check-interval": "1 second"
            },
            "random-sampler": {
                "chance": 10
            },
            "sampling": "random",
            "token-generator": "kamon.trace.DefaultTokenGenerator",
            "level-of-detail": "metrics-only",
            "ordered-sampler": {
                "sample-interval": 8
            },
            "clock-sampler": {
                "pause": "1 second"
            }
        },
        "spray": {
            "name-generator": "kamon.spray.DefaultNameGenerator",
            "client": {
                "instrumentation-level": "request-level"
            },
            "trace-token-header-name": "X-Trace-Token",
            "automatic-trace-token-propagation": true
        },
        "metric": {
            "default-collection-context-buffer-size": 33792,
            "tick-interval": "10 seconds",
            "disable-aspectj-weaver-missing-error": false,
            "instrument-settings": {
                
            },
            "default-instrument-settings": {
                "gauge": {
                    "highest-trackable-value": 3600000000000,
                    "precision": "normal",
                    "refresh-interval": "100 milliseconds",
                    "lowest-discernible-value": 1
                },
                "histogram": {
                    "highest-trackable-value": 3600000000000,
                    "precision": "normal",
                    "lowest-discernible-value": 1
                },
                "min-max-counter": {
                    "highest-trackable-value": 999999999,
                    "precision": "normal",
                    "refresh-interval": "100 milliseconds",
                    "lowest-discernible-value": 1
                }
            },
            "filters": {
                "akka-actor": {
                    "excludes": [
                        
                    ],
                    "includes": [
                        "**"
                    ]
                },
                "trace": {
                    "excludes": [
                        
                    ],
                    "includes": [
                        "**"
                    ]
                },
                "akka-dispatcher": {
                    "excludes": [
                        
                    ],
                    "includes": [
                        "**"
                    ]
                },
                "akka-router": {
                    "excludes": [
                        
                    ],
                    "includes": [
                        "**"
                    ]
                }
            },
            "track-unmatched-entities": "yes"
        },
        "statsd": {
            "flush-interval": "10 seconds",
            "hostname": "localhost",
            "subscriptions": {
                "akka-actor": [
                    "**"
                ],
                "gauge": [
                    "**"
                ],
                "histogram": [
                    "**"
                ],
                "trace": [
                    "**"
                ],
                "akka-dispatcher": [
                    "**"
                ],
                "min-max-counter": [
                    "**"
                ],
                "http-server": [
                    "**"
                ],
                "trace-segment": [
                    "**"
                ],
                "system-metric": [
                    "**"
                ],
                "counter": [
                    "**"
                ],
                "akka-router": [
                    "**"
                ]
            },
            "max-packet-size": "1024 bytes",
            "port": 8125,
            "metric-key-generator": "kamon.statsd.SimpleMetricKeyGenerator",
            "simple-metric-key-generator": {
                "hostname-override": "none",
                "application": "kamon",
                "include-hostname": true,
                "metric-name-normalization-strategy": "normalize"
            }
        },
        "internal-config": {
            "spray": {
                
            },
            "akka": {
                "actor": {
                    "default-dispatcher": {
                        "fork-join-executor": {
                            "parallelism-min": 2,
                            "parallelism-factor": 2,
                            "parallelism-max": 10
                        }
                    }
                }
            }
        },
        "metrics": {
            "instrument-settings": {
                "system-metric": {
                    "swap-used": {
                        "highest-trackable-value": 5368709120
                    },
                    "thread-count": {
                        "highest-trackable-value": 10000,
                        "refresh-interval": "1 second"
                    },
                    "process-user-cpu": {
                        "highest-trackable-value": 100
                    },
                    "process-system-cpu": {
                        "highest-trackable-value": 100
                    },
                    "classes-loaded": {
                        "highest-trackable-value": 10000000,
                        "refresh-interval": "1 second"
                    },
                    "context-switches-process-voluntary": {
                        "highest-trackable-value": 10000000
                    },
                    "rx-errors": {
                        "highest-trackable-value": 10000000
                    },
                    "swap-free": {
                        "highest-trackable-value": 5368709120
                    },
                    "tx-errors": {
                        "highest-trackable-value": 10000000
                    },
                    "process-cpu": {
                        "highest-trackable-value": 100
                    },
                    "daemon-thread-count": {
                        "highest-trackable-value": 10000,
                        "refresh-interval": "1 second"
                    },
                    "heap-used": {
                        "highest-trackable-value": 5368709120,
                        "refresh-interval": "1 second"
                    },
                    "non-heap-used": {
                        "highest-trackable-value": 5368709120,
                        "refresh-interval": "1 second"
                    },
                    "tx-dropped": {
                        "highest-trackable-value": 10000000
                    },
                    "one-minute": {
                        "highest-trackable-value": 10000
                    },
                    "context-switches-process-non-voluntary": {
                        "highest-trackable-value": 10000000
                    },
                    "garbage-collection-time": {
                        "highest-trackable-value": 3600000,
                        "refresh-interval": "1 second"
                    },
                    "heap-max": {
                        "highest-trackable-value": 5368709120,
                        "refresh-interval": "1 second"
                    },
                    "memory-used": {
                        "highest-trackable-value": 5368709120
                    },
                    "file-system-writes": {
                        "highest-trackable-value": 107374182400
                    },
                    "cpu-wait": {
                        "highest-trackable-value": 100
                    },
                    "rx-dropped": {
                        "highest-trackable-value": 10000000
                    },
                    "non-heap-committed": {
                        "highest-trackable-value": 5368709120,
                        "refresh-interval": "1 second"
                    },
                    "cpu-stolen": {
                        "highest-trackable-value": 100
                    },
                    "cpu-system": {
                        "highest-trackable-value": 100
                    },
                    "non-heap-max": {
                        "highest-trackable-value": 5368709120,
                        "refresh-interval": "1 second"
                    },
                    "heap-committed": {
                        "highest-trackable-value": 5368709120,
                        "refresh-interval": "1 second"
                    },
                    "garbage-collection-count": {
                        "highest-trackable-value": 1000000,
                        "refresh-interval": "1 second"
                    },
                    "fifteen-minutes": {
                        "highest-trackable-value": 10000
                    },
                    "file-system-reads": {
                        "highest-trackable-value": 107374182400
                    },
                    "classes-currently-loaded": {
                        "highest-trackable-value": 10000000,
                        "refresh-interval": "1 second"
                    },
                    "peak-thread-count": {
                        "highest-trackable-value": 10000,
                        "refresh-interval": "1 second"
                    },
                    "memory-free": {
                        "highest-trackable-value": 5368709120
                    },
                    "context-switches-global": {
                        "highest-trackable-value": 10000000
                    },
                    "cpu-user": {
                        "highest-trackable-value": 100
                    },
                    "cpu-idle": {
                        "highest-trackable-value": 100
                    },
                    "five-minutes": {
                        "highest-trackable-value": 10000
                    },
                    "tx-bytes": {
                        "highest-trackable-value": 107374182400
                    },
                    "classes-unloaded": {
                        "highest-trackable-value": 10000000,
                        "refresh-interval": "1 second"
                    },
                    "rx-bytes": {
                        "highest-trackable-value": 107374182400
                    }
                }
            }
        },
        "show-aspectj-missing-warning": "yes",
        "akka": {
            "ask-pattern-timeout-warning": "heavyweight"
        },
        "system-metrics": {
            "sigar-dispatcher": {
                "executor": "thread-pool-executor",
                "type": "PinnedDispatcher"
            },
            "jmx-enabled": true,
            "context-switches-dispatcher": {
                "executor": "thread-pool-executor",
                "type": "PinnedDispatcher"
            },
            "sigar-enabled": true,
            "sigar-native-folder": "/home/vcap/app/native",
            "context-switches-refresh-interval": "1 second",
            "sigar-metrics-refresh-interval": "1 second"
        },
        "modules": {
            "kamon-newrelic": {
                "requires-aspectj": "no",
                "extension-id": "kamon.newrelic.NewRelic",
                "auto-start": "yes"
            },
            "kamon-system-metrics": {
                "requires-aspectj": "no",
                "extension-id": "kamon.system.SystemMetrics",
                "auto-start": "yes"
            },
            "kamon-scala": {
                "requires-aspectj": "yes",
                "extension-id": "none",
                "auto-start": "no"
            },
            "kamon-akka": {
                "requires-aspectj": "yes",
                "extension-id": "kamon.akka.Akka",
                "auto-start": "yes"
            },
            "kamon-spray": {
                "requires-aspectj": "yes",
                "extension-id": "kamon.spray.Spray",
                "auto-start": "yes"
            },
            "kamon-statsd": {
                "requires-aspectj": "no",
                "extension-id": "kamon.statsd.StatsD",
                "auto-start": "yes"
            }
        },
        "newrelic": {
            "apdexT": "1 second",
            "max-connect-retries": 3,
            "operation-timeout": "30 seconds",
            "license-key": "1c789681e41b5207d47f7f65fc0593890556271c",
            "custom-metric-subscriptions": {
                "akka-actor": [
                    "**"
                ],
                "gauge": [
                    "**"
                ],
                "histogram": [
                    "**"
                ],
                "akka-dispatcher": [
                    "**"
                ],
                "min-max-counter": [
                    "**"
                ],
                "counter": [
                    "**"
                ],
                "akka-router": [
                    "**"
                ]
            },
            "app-name": "po-development-cloud",
            "connect-retry-delay": "30 seconds"
        }
    },
    "ces-catalogue-development-cloud": {
        "credentials": {
            "password": "*****",
            "url": "https://lwscese02_gss_bskyb_com",
            "username": "nowtv-platform"
        },
        "syslog_drain_url": "",
        "name": "ces-catalogue-development-cloud",
        "label": "user-provided",
        "tags": [
            
        ]
    },
    "OLDPWD": "/home/vcap",
    "USER": "vcap",
    "VCAP_APP_PORT": "61593",
    "akka": {
        "daemonic": "off",
        "logger-startup-timeout": "5s",
        "loggers": [
            "akka.event.slf4j.Slf4jLogger",
            "kamon.newrelic.NewRelicErrorLogger"
        ],
        "io": {
            "tcp": {
                "windows-connection-abort-workaround-enabled": "off",
                "max-received-message-size": "unlimited",
                "file-io-dispatcher": "akka.actor.default-dispatcher",
                "management-dispatcher": "akka.actor.default-dispatcher",
                "worker-dispatcher": "akka.actor.default-dispatcher",
                "direct-buffer-pool-limit": 1000,
                "register-timeout": "5s",
                "trace-logging": "off",
                "selector-dispatcher": "akka.io.pinned-dispatcher",
                "selector-association-retries": 10,
                "direct-buffer-size": "128 KiB",
                "file-io-transferTo-limit": "512 KiB",
                "max-channels": 256000,
                "batch-accept-limit": 10,
                "nr-of-selectors": 1,
                "finish-connect-retries": 5
            },
            "udp": {
                "direct-buffer-pool-limit": 1000,
                "trace-logging": "off",
                "selector-dispatcher": "akka.io.pinned-dispatcher",
                "received-message-size-limit": "unlimited",
                "receive-throughput": 3,
                "selector-association-retries": 10,
                "direct-buffer-size": "128 KiB",
                "max-channels": 4096,
                "management-dispatcher": "akka.actor.default-dispatcher",
                "select-timeout": "infinite",
                "nr-of-selectors": 1,
                "worker-dispatcher": "akka.actor.default-dispatcher"
            },
            "pinned-dispatcher": {
                "executor": "thread-pool-executor",
                "thread-pool-executor": {
                    "allow-core-timeout": "off",
                    "allow-core-pool-timeout": "off"
                },
                "type": "PinnedDispatcher"
            },
            "dns": {
                "inet-address": {
                    "positive-ttl": "30s",
                    "negative-ttl": "10s",
                    "provider-object": "akka.io.InetAddressDnsProvider",
                    "cache-cleanup-interval": "120s"
                },
                "resolver": "inet-address",
                "dispatcher": "akka.actor.default-dispatcher"
            },
            "udp-connected": {
                "direct-buffer-pool-limit": 1000,
                "trace-logging": "off",
                "selector-dispatcher": "akka.io.pinned-dispatcher",
                "received-message-size-limit": "unlimited",
                "receive-throughput": 3,
                "selector-association-retries": 10,
                "direct-buffer-size": "128 KiB",
                "max-channels": 4096,
                "management-dispatcher": "akka.actor.default-dispatcher",
                "select-timeout": "infinite",
                "nr-of-selectors": 1,
                "worker-dispatcher": "akka.actor.default-dispatcher"
            }
        },
        "log-dead-letters": 10,
        "log-config-on-start": "off",
        "version": "2.4.0",
        "jvm-exit-on-fatal-error": "on",
        "log-dead-letters-during-shutdown": "on",
        "home": "",
        "actor": {
            "default-dispatcher": {
                "attempt-teamwork": "on",
                "fork-join-executor": {
                    "parallelism-min": 8,
                    "parallelism-factor": 3,
                    "parallelism-max": 64,
                    "task-peeking-mode": "FIFO"
                },
                "mailbox-requirement": "",
                "executor": "default-executor",
                "shutdown-timeout": "1s",
                "thread-pool-executor": {
                    "max-pool-size-min": 8,
                    "max-pool-size-factor": 3,
                    "allow-core-timeout": "on",
                    "task-queue-size": -1,
                    "core-pool-size-min": 8,
                    "task-queue-type": "linked",
                    "core-pool-size-factor": 3,
                    "core-pool-size-max": 64,
                    "keep-alive-time": "60s",
                    "max-pool-size-max": 64
                },
                "throughput-deadline-time": "0ms",
                "throughput": 5,
                "type": "Dispatcher",
                "default-executor": {
                    "fallback": "fork-join-executor"
                }
            },
            "debug": {
                "lifecycle": "on",
                "unhandled": "on",
                "fsm": "off",
                "receive": "on",
                "router-misconfiguration": "off",
                "autoreceive": "on",
                "event-stream": "off"
            },
            "creation-timeout": "20s",
            "serialization-bindings": {
                "[B": "bytes",
                "java.io.Serializable": "java"
            },
            "reaper-interval": "5s",
            "guardian-supervisor-strategy": "akka.actor.DefaultSupervisorStrategy",
            "typed": {
                "timeout": "5s"
            },
            "default-mailbox": {
                "mailbox-capacity": 1000,
                "mailbox-type": "akka.dispatch.UnboundedMailbox",
                "mailbox-push-timeout-time": "10s",
                "stash-capacity": -1
            },
            "router": {
                "type-mapping": {
                    "round-robin-pool": "akka.routing.RoundRobinPool",
                    "broadcast-group": "akka.routing.BroadcastGroup",
                    "smallest-mailbox-pool": "akka.routing.SmallestMailboxPool",
                    "round-robin-group": "akka.routing.RoundRobinGroup",
                    "random-pool": "akka.routing.RandomPool",
                    "consistent-hashing-group": "akka.routing.ConsistentHashingGroup",
                    "tail-chopping-pool": "akka.routing.TailChoppingPool",
                    "scatter-gather-group": "akka.routing.ScatterGatherFirstCompletedGroup",
                    "scatter-gather-pool": "akka.routing.ScatterGatherFirstCompletedPool",
                    "balancing-pool": "akka.routing.BalancingPool",
                    "from-code": "akka.routing.NoRouter",
                    "random-group": "akka.routing.RandomGroup",
                    "broadcast-pool": "akka.routing.BroadcastPool",
                    "consistent-hashing-pool": "akka.routing.ConsistentHashingPool",
                    "tail-chopping-group": "akka.routing.TailChoppingGroup"
                }
            },
            "serializers": {
                "java": "akka.serialization.JavaSerializer",
                "bytes": "akka.serialization.ByteArraySerializer"
            },
            "mailbox": {
                "logger-queue": {
                    "mailbox-type": "akka.event.LoggerMailboxType"
                },
                "requirements": {
                    "akka.dispatch.MultipleConsumerSemantics": "akka.actor.mailbox.unbounded-queue-based",
                    "akka.dispatch.BoundedMessageQueueSemantics": "akka.actor.mailbox.bounded-queue-based",
                    "akka.dispatch.UnboundedControlAwareMessageQueueSemantics": "akka.actor.mailbox.unbounded-control-aware-queue-based",
                    "akka.dispatch.BoundedControlAwareMessageQueueSemantics": "akka.actor.mailbox.bounded-control-aware-queue-based",
                    "akka.dispatch.ControlAwareMessageQueueSemantics": "akka.actor.mailbox.unbounded-control-aware-queue-based",
                    "akka.dispatch.UnboundedDequeBasedMessageQueueSemantics": "akka.actor.mailbox.unbounded-deque-based",
                    "akka.dispatch.BoundedDequeBasedMessageQueueSemantics": "akka.actor.mailbox.bounded-deque-based",
                    "akka.dispatch.UnboundedMessageQueueSemantics": "akka.actor.mailbox.unbounded-queue-based",
                    "akka.dispatch.DequeBasedMessageQueueSemantics": "akka.actor.mailbox.unbounded-deque-based",
                    "akka.event.LoggerMessageQueueSemantics": "akka.actor.mailbox.logger-queue"
                },
                "unbounded-queue-based": {
                    "mailbox-type": "akka.dispatch.UnboundedMailbox"
                },
                "unbounded-deque-based": {
                    "mailbox-type": "akka.dispatch.UnboundedDequeBasedMailbox"
                },
                "unbounded-control-aware-queue-based": {
                    "mailbox-type": "akka.dispatch.UnboundedControlAwareMailbox"
                },
                "bounded-control-aware-queue-based": {
                    "mailbox-type": "akka.dispatch.BoundedControlAwareMailbox"
                },
                "bounded-deque-based": {
                    "mailbox-type": "akka.dispatch.BoundedDequeBasedMailbox"
                },
                "bounded-queue-based": {
                    "mailbox-type": "akka.dispatch.BoundedMailbox"
                }
            },
            "provider": "akka.actor.LocalActorRefProvider",
            "serialization-identifiers": {
                "akka.serialization.ByteArraySerializer": 4,
                "akka.serialization.JavaSerializer": 1
            },
            "serialize-creators": "off",
            "serialize-messages": "off",
            "dsl": {
                "default-timeout": "5s",
                "inbox-size": 1000
            },
            "deployment": {
                "default": {
                    "routees": {
                        "paths": [
                            
                        ]
                    },
                    "router": "from-code",
                    "mailbox": "",
                    "within": "5 seconds",
                    "tail-chopping-router": {
                        "interval": "10 milliseconds"
                    },
                    "resizer": {
                        "backoff-rate": 0.1,
                        "lower-bound": 1,
                        "rampup-rate": 0.2,
                        "pressure-threshold": 1,
                        "messages-per-resize": 10,
                        "upper-bound": 10,
                        "backoff-threshold": 0.3,
                        "enabled": "off"
                    },
                    "dispatcher": "",
                    "virtual-nodes-factor": 10,
                    "nr-of-instances": 1
                },
                "/IO-DNS/inet-address": {
                    "router": "consistent-hashing-pool",
                    "mailbox": "unbounded",
                    "nr-of-instances": 4
                }
            },
            "unstarted-push-timeout": "10s"
        },
        "scheduler": {
            "implementation": "akka.actor.LightArrayRevolverScheduler",
            "shutdown-timeout": "5s",
            "tick-duration": "10ms",
            "ticks-per-wheel": 512
        },
        "extensions": [
            
        ],
        "stdout-loglevel": "DEBUG",
        "loglevel": "DEBUG",
        "logging-filter": "akka.event.DefaultLoggingFilter"
    },
    "TMPDIR": "/home/vcap/tmp",
    "PROFILES_ACTIVE": "development-cloud",
    "development-e2e-d03": {
        "ces-catalogue": {
            "credentials": {
                "password": "*****",
                "url": "https://lwscese02.gss.bskyb.com",
                "username": "demo"
            }
        },
        "lws-address": {
            "credentials": {
                "password": "*****",
                "url": "http://ud001481",
                "username": "demo"
            }
        },
        "cbs-interaction": {
            "credentials": {
                "password": "*****",
                "url": "https://sisd03.lwsdat.glb.bskyb.com",
                "username": "nowtv-platform"
            }
        }
    },
    "CF_STACK": "lucid64",
    "NLSPATH": "/usr/dt/lib/nls/msg/%L/%N.cat",
    "lws-address-development-cloud": {
        "credentials": {
            "password": "*****",
            "url": "http://ud001481_bskyb_com",
            "username": "demo"
        },
        "syslog_drain_url": "",
        "name": "lws-address-development-cloud",
        "label": "user-provided",
        "tags": [
            
        ]
    },
    "cbs-interaction": {
        "modify-basket": "/cbs-sales-interaction-service/v1/interactions/%s/basket/",
        "update-customer": "/cbs-sales-interaction-service/v1/interactions/%s/customer/",
        "payment-method": "/cbs-sales-interaction-service/v1/interactions/%s/payment-methods/all/",
        "create-order": "/cbs-sales-interaction-service/v1/interactions/%s/order",
        "add-address": "/cbs-sales-interaction-service/v1/interactions/%s/addresses",
        "get-interaction": "/cbs-sales-interaction-service/v1/interactions/%s",
        "catalogue-products": "/cbs-sales-interaction-service/v1/interactions/%s/catalogue/products",
        "lead-time": "/cbs-sales-interaction-service/v1/interactions/%s/profiles/voice-and-data/dates/",
        "start-path": "/cbs-sales-interaction-service/v1/interactions/prospect/",
        "circuit-breaker": {
            "maxFailures": 5,
            "resetTimeout": "1 minute",
            "callTimeout": "10 seconds"
        },
        "voice-and-data": "/cbs-sales-interaction-service/v1/interactions/%s/profiles/voice-and-data/target/"
    },
    "cbs-interaction-development-cloud": {
        "credentials": {
            "password": "*****",
            "url": "https://lwssise02_gss_bskyb_com",
            "username": "nowtv-platform"
        },
        "syslog_drain_url": "",
        "name": "cbs-interaction-development-cloud",
        "label": "user-provided",
        "tags": [
            
        ]
    },
    "MEMORY_LIMIT": "1024m",
    "user": {
        "country": "US",
        "timezone": "Etc/UTC",
        "name": "vcap",
        "language": "en",
        "dir": "/home/vcap/app",
        "home": "/home/vcap"
    },
    "HOME": "/home/vcap/app",
    "SHLVL": "1",
    "awt": {
        "toolkit": "sun.awt.X11.XToolkit"
    }
}
{"user-provided":[{"name":"cbs-interaction-development-cloud","label":"user-provided","tags":[],"credentials":{"password":"9hhsvLocVpO8aQP5","url":"https://lwssise02.gss.bskyb.com","username":"nowtv-platform"},"syslog_drain_url":""},{"name":"ces-catalogue-development-cloud","label":"user-provided","tags":[],"credentials":{"password":"9hhsvLocVpO8aQP5","url":"https://lwscese02.gss.bskyb.com","username":"nowtv-platform"},"syslog_drain_url":""},{"name":"lws-address-development-cloud","label":"user-provided","tags":[],"credentials":{"password":"password","url":"http://ud001481.bskyb.com","username":"demo"},"syslog_drain_url":""},{"name":"umv","label":"user-provided","tags":[],"credentials":{"clientName":"demoapp","secret":"supersecret2","url":"https://umv-service.ueuw1.api.bskyb.com"},"syslog_drain_url":""}]}
not a valid json
{
    "PATH": "/bin:/usr/bin",
    "VCAP_APP_HOST": "0.0.0.0",
    "CORS_HOSTNAMES": "null",
    "line": {
        "separator": "\n"
    },
    "JAVA_OPTS": "-javaagent:lib/aspectjweaver-1.5.4.jar",
    "XFILESEARCHPATH": "/usr/dt/app-defaults/%L/Dt",
    "LANG": "en_US.UTF-8",
    "sun": {
        "jnu": {
            "encoding": "UTF-8"
        },
        "java": {
            "command": "com.nowtv.pav.bo.Application",
            "launcher": "SUN_STANDARD"
        },
        "os": {
            "patch": {
                "level": "unknown"
            }
        },
        "management": {
            "compiler": "HotSpot 64-Bit Tiered Compilers"
        },
        "io": {
            "unicode": {
                "encoding": "UnicodeLittle"
            }
        },
        "cpu": {
            "isalist": "",
            "endian": "little"
        },
        "arch": {
            "data": {
                "model": "64"
            }
        },
        "boot": {
            "library": {
                "path": "/home/vcap/app/.java-buildpack/open_jdk_jre/lib/amd64"
            },
            "class": {
                "path": "/home/vcap/app/.java-buildpack/open_jdk_jre/lib/resources.jar:/home/vcap/app/.java-buildpack/open_jdk_jre/lib/rt.jar:/home/vcap/app/.java-buildpack/open_jdk_jre/lib/sunrsasign.jar:/home/vcap/app/.java-buildpack/open_jdk_jre/lib/jsse.jar:/home/vcap/app/.java-buildpack/open_jdk_jre/lib/jce.jar:/home/vcap/app/.java-buildpack/open_jdk_jre/lib/charsets.jar:/home/vcap/app/.java-buildpack/open_jdk_jre/lib/jfr.jar:/home/vcap/app/.java-buildpack/open_jdk_jre/classes"
            }
        }
    },
    "cbs-billing-development-cloud": {
        "credentials": {
            "url": "https://udwas0g0_bskyb_com:20845"
        },
        "syslog_drain_url": "",
        "name": "cbs-billing-development-cloud",
        "label": "user-provided",
        "tags": [
            
        ]
    },
    "path": {
        "separator": ":"
    },
    "DATABASE_URL": "",
    "file": {
        "encoding": {
            "pkg": "sun.io"
        },
        "separator": "/"
    },
    "java": {
        "ext": {
            "dirs": "/home/vcap/app/.java-buildpack/open_jdk_jre/lib/ext:/usr/java/packages/lib/ext"
        },
        "library": {
            "path": "/usr/java/packages/lib/amd64:/usr/lib64:/lib64:/lib:/usr/lib"
        },
        "io": {
            "tmpdir": "/home/vcap/tmp"
        },
        "vendor": {
            "url": {
                "bug": "http://bugreport.sun.com/bugreport/"
            }
        },
        "vm": {
            "vendor": "Oracle Corporation",
            "name": "OpenJDK 64-Bit Server VM",
            "specification": {
                "vendor": "Oracle Corporation",
                "name": "Java Virtual Machine Specification",
                "version": "1.8"
            },
            "version": "25.66-b27",
            "info": "mixed mode"
        },
        "runtime": {
            "name": "OpenJDK Runtime Environment",
            "version": "1.8.0_60--vagrant_2015_09_08_07_28-b27"
        },
        "specification": {
            "vendor": "Oracle Corporation",
            "name": "Java Platform API Specification",
            "version": "1.8"
        },
        "class": {
            "path": "/home/vcap/app/.:/home/vcap/app/lib/akka-actor_2.11-2.4.0.jar:/home/vcap/app/lib/aspectjweaver-1.5.4.jar:/home/vcap/app/lib/circuit-breaker-0.0.3.jar:/home/vcap/app/lib/commons-lang-2.6.jar:/home/vcap/app/lib/concurrentlinkedhashmap-lru-1.4.jar:/home/vcap/app/lib/config-1.3.0.jar:/home/vcap/app/lib/config-commons-0.1.2.jar:/home/vcap/app/lib/guava-18.0.jar:/home/vcap/app/lib/jackson-annotations-2.5.4.jar:/home/vcap/app/lib/jackson-core-2.5.4.jar:/home/vcap/app/lib/jackson-databind-2.5.4.jar:/home/vcap/app/lib/jackson-datatype-jdk8-2.5.4.jar:/home/vcap/app/lib/jackson-datatype-jsr310-2.5.4.jar:/home/vcap/app/lib/javassist-3.19.0-GA.jar:/home/vcap/app/lib/joda-convert-1.7.jar:/home/vcap/app/lib/joda-time-2.7.jar:/home/vcap/app/lib/json-path-0.8.1.jar:/home/vcap/app/lib/json-smart-1.1.1.jar:/home/vcap/app/lib/logback-classic-1.1.3.jar:/home/vcap/app/lib/logback-core-1.1.3.jar:/home/vcap/app/lib/macros_2.11-1.0.5.jar:/home/vcap/app/lib/mimepull-1.9.5.jar:/home/vcap/app/lib/parboiled-core-1.1.7.jar:/home/vcap/app/lib/parboiled-scala_2.11-1.1.7.jar:/home/vcap/app/lib/play-datacommons_2.11-2.4.1.jar:/home/vcap/app/lib/play-functional_2.11-2.4.1.jar:/home/vcap/app/lib/play-iteratees_2.11-2.4.1.jar:/home/vcap/app/lib/play-json_2.11-2.4.1.jar:/home/vcap/app/lib/rest-commons-0.1.33.jar:/home/vcap/app/lib/runtime_2.11-1.0.5.jar:/home/vcap/app/lib/scala-library-2.11.7.jar:/home/vcap/app/lib/scala-reflect-2.11.6.jar:/home/vcap/app/lib/scala-stm_2.11-0.7.jar:/home/vcap/app/lib/scala-xml_2.11-1.0.3.jar:/home/vcap/app/lib/shapeless_2.11-2.1.0.jar:/home/vcap/app/lib/slf4j-api-1.7.7.jar:/home/vcap/app/lib/spray-caching-1.3.1.jar:/home/vcap/app/lib/spray-can_2.11-1.3.3.jar:/home/vcap/app/lib/spray-client_2.11-1.3.1.jar:/home/vcap/app/lib/spray-http_2.11-1.3.3.jar:/home/vcap/app/lib/spray-httpx_2.11-1.3.3.jar:/home/vcap/app/lib/spray-io_2.11-1.3.3.jar:/home/vcap/app/lib/spray-json_2.11-1.3.1.jar:/home/vcap/app/lib/spray-routing-shapeless2_2.11-1.3.3.jar:/home/vcap/app/lib/spray-util-1.3.1.jar:/home/vcap/app/lib/spray-util_2.11-1.3.3.jar:lib/aspectjweaver-1.5.4.jar",
            "version": "52.0"
        },
        "version": "1.8.0_60-",
        "endorsed": {
            "dirs": "/home/vcap/app/.java-buildpack/open_jdk_jre/lib/endorsed"
        },
        "awt": {
            "graphicsenv": "sun.awt.X11GraphicsEnvironment",
            "printerjob": "sun.print.PSPrinterJob"
        },
        "home": "/home/vcap/app/.java-buildpack/open_jdk_jre"
    },
    "PWD": "/home/vcap/app",
    "VCAP_APPLICATION": "{\"limits\":{\"mem\":1024,\"disk\":1024,\"fds\":16384},\"application_version\":\"84ae9700-ac56-4283-99df-9a1f6a9ed304\",\"application_name\":\"billing-orchestration-blue\",\"application_uris\":[\"development-bo-blue.cf.dev-paas.bskyb.com\",\"development-bo.cf.dev-paas.bskyb.com\"],\"version\":\"84ae9700-ac56-4283-99df-9a1f6a9ed304\",\"name\":\"billing-orchestration-blue\",\"space_name\":\"development\",\"space_id\":\"48dae084-1be2-4cbd-add7-a3ecb2037e10\",\"uris\":[\"development-bo-blue.cf.dev-paas.bskyb.com\",\"development-bo.cf.dev-paas.bskyb.com\"],\"users\":null,\"application_id\":\"0548c268-4b67-4088-8e5c-9d08c1680593\",\"instance_id\":\"82e02fbc414446989c604cef6cc6ecee\",\"instance_index\":0,\"host\":\"0.0.0.0\",\"port\":63407,\"started_at\":\"2015-11-28 09:28:08 +0000\",\"started_at_timestamp\":1448702888,\"start\":\"2015-11-28 09:28:08 +0000\",\"state_timestamp\":1448702888}",
    "development-e2e": {
        "cbs-billing-web-services": {
            "credentials": {
                "url": "https://udwas060.bskyb.com:20845"
            }
        },
        "cbs-billing": {
            "credentials": {
                "url": "https://udwas060.bskyb.com:20845"
            }
        }
    },
    "_": "/home/vcap/app/.java-buildpack/open_jdk_jre/bin/java",
    "info": {
        "build": {
            "name": "billing-orchestration",
            "version": "0.1.0-SNAPSHOT"
        }
    },
    "cbs-billing-web-services": {
        "future": {
            "bills": {
                "path": "/dthbillingservices/v1/account/%s/futurecharges?futurePeriods=1"
            }
        },
        "circuit-breaker": {
            "maxFailures": 5,
            "resetTimeout": "1 minute",
            "callTimeout": "10 seconds"
        }
    },
    "development": {
        "cbs-billing-web-services": {
            "credentials": {
                "url": "http://localhost:8082"
            }
        },
        "cbs-billing": {
            "credentials": {
                "url": "http://localhost:8082"
            }
        }
    },
    "PORT": "63407",
    "os": {
        "name": "Linux",
        "arch": "amd64",
        "version": "3.13.0-32-generic"
    },
    "spray": {
        "can": {
            "server": {
                "server-header": "spray-can/1.3.1",
                "parsing-error-abort-timeout": "2s",
                "chunkless-streaming": "off",
                "parsing": {
                    "max-chunk-ext-length": 256,
                    "max-content-length": "8m",
                    "incoming-auto-chunking-threshold-size": "infinite",
                    "max-uri-length": "2k",
                    "uri-parsing-mode": "strict",
                    "max-response-reason-length": 64,
                    "max-header-value-length": "8k",
                    "max-chunk-size": "1m",
                    "max-header-name-length": 64,
                    "ssl-session-info-header": "off",
                    "max-header-count": 64,
                    "illegal-header-warnings": "on",
                    "header-cache": {
                        "If-None-Match": 0,
                        "If-Range": 0,
                        "default": 12,
                        "If-Match": 0,
                        "User-Agent": 32,
                        "If-Modified-Since": 0,
                        "Date": 0,
                        "Content-MD5": 0,
                        "If-Unmodified-Since": 0
                    }
                },
                "bind-timeout": "3s",
                "max-encryption-chunk-size": "1m",
                "ssl-tracing": "off",
                "verbose-error-logging": "off",
                "request-timeout": "20 s",
                "registration-timeout": "5s",
                "request-chunk-aggregation-limit": "1m",
                "verbose-error-messages": "off",
                "idle-timeout": "60 s",
                "automatic-back-pressure-handling": "on",
                "ssl-encryption": "off",
                "raw-request-uri-header": "off",
                "unbind-timeout": "1s",
                "response-header-size-hint": 512,
                "stats-support": "on",
                "transparent-head-requests": "on",
                "timeout-timeout": "2 s",
                "default-host-header": "",
                "pipelining-limit": 1,
                "remote-address-header": "off",
                "back-pressure": {
                    "reading-low-watermark": "infinite",
                    "noack-rate": 10
                },
                "reaping-cycle": "250 ms",
                "chunkhandler-registration-timeout": "500 ms",
                "timeout-handler": ""
            },
            "host-connector": {
                "max-redirects": 0,
                "client": {
                    "proxy": {
                        "http": "default",
                        "https": "default"
                    },
                    "response-chunk-aggregation-limit": "1m",
                    "request-header-size-hint": 512,
                    "connecting-timeout": "10s",
                    "user-agent-header": "spray-can/1.3.1",
                    "request-timeout": "20 s",
                    "chunkless-streaming": "off",
                    "idle-timeout": "60 s",
                    "reaping-cycle": "250 ms",
                    "parsing": {
                        "max-chunk-ext-length": 256,
                        "max-content-length": "8m",
                        "incoming-auto-chunking-threshold-size": "infinite",
                        "max-uri-length": "2k",
                        "uri-parsing-mode": "strict",
                        "max-response-reason-length": 64,
                        "max-header-value-length": "8k",
                        "max-chunk-size": "1m",
                        "max-header-name-length": 64,
                        "ssl-session-info-header": "off",
                        "max-header-count": 64,
                        "illegal-header-warnings": "on",
                        "header-cache": {
                            "If-None-Match": 0,
                            "If-Range": 0,
                            "default": 12,
                            "If-Match": 0,
                            "User-Agent": 32,
                            "If-Modified-Since": 0,
                            "Date": 0,
                            "Content-MD5": 0,
                            "If-Unmodified-Since": 0
                        }
                    },
                    "max-encryption-chunk-size": "1m",
                    "ssl-tracing": "off"
                },
                "max-retries": 5,
                "idle-timeout": "30 s",
                "max-connections": 4,
                "pipelining": "off"
            },
            "listener-dispatcher": "akka.actor.default-dispatcher",
            "manager-dispatcher": "akka.actor.default-dispatcher",
            "client": {
                "proxy": {
                    "http": "default",
                    "https": "default"
                },
                "response-chunk-aggregation-limit": "1m",
                "request-header-size-hint": 512,
                "connecting-timeout": "10s",
                "user-agent-header": "spray-can/1.3.1",
                "request-timeout": "20 s",
                "chunkless-streaming": "off",
                "idle-timeout": "60 s",
                "reaping-cycle": "250 ms",
                "parsing": {
                    "max-chunk-ext-length": 256,
                    "max-content-length": "8m",
                    "incoming-auto-chunking-threshold-size": "infinite",
                    "max-uri-length": "2k",
                    "uri-parsing-mode": "strict",
                    "max-response-reason-length": 64,
                    "max-header-value-length": "8k",
                    "max-chunk-size": "1m",
                    "max-header-name-length": 64,
                    "ssl-session-info-header": "off",
                    "max-header-count": 64,
                    "illegal-header-warnings": "on",
                    "header-cache": {
                        "If-None-Match": 0,
                        "If-Range": 0,
                        "default": 12,
                        "If-Match": 0,
                        "User-Agent": 32,
                        "If-Modified-Since": 0,
                        "Date": 0,
                        "Content-MD5": 0,
                        "If-Unmodified-Since": 0
                    }
                },
                "max-encryption-chunk-size": "1m",
                "ssl-tracing": "off"
            },
            "parsing": {
                "max-chunk-ext-length": 256,
                "max-content-length": "8m",
                "incoming-auto-chunking-threshold-size": "infinite",
                "max-uri-length": "2k",
                "uri-parsing-mode": "strict",
                "max-response-reason-length": 64,
                "max-header-value-length": "8k",
                "max-chunk-size": "1m",
                "max-header-name-length": 64,
                "ssl-session-info-header": "off",
                "max-header-count": 64,
                "illegal-header-warnings": "on",
                "header-cache": {
                    "If-None-Match": 0,
                    "If-Range": 0,
                    "default": 12,
                    "If-Match": 0,
                    "User-Agent": 32,
                    "If-Modified-Since": 0,
                    "Date": 0,
                    "Content-MD5": 0,
                    "If-Unmodified-Since": 0
                }
            },
            "connection-dispatcher": "akka.actor.default-dispatcher",
            "host-connector-dispatcher": "akka.actor.default-dispatcher",
            "settings-group-dispatcher": "akka.actor.default-dispatcher"
        },
        "routing": {
            "file-chunking-chunk-size": "128k",
            "render-vanity-footer": "yes",
            "file-chunking-threshold-size": "128k",
            "range-coalescing-threshold": 80,
            "range-count-limit": 16,
            "verbose-error-messages": "off",
            "file-get-conditional": "on",
            "users": {
                "admin": "p4v4dm1n"
            }
        },
        "version": "1.3.1"
    },
    "VCAP_SERVICES": "{\"user-provided\":[{\"name\":\"cbs-billing-development-cloud\",\"label\":\"user-provided\",\"tags\":[],\"credentials\":{\"url\":\"https://udwas0g0.bskyb.com:20845\"},\"syslog_drain_url\":\"\"}]}",
    "VCAP_ZONE": "hemel",
    "OLDPWD": "/home/vcap",
    "USER": "vcap",
    "VCAP_APP_PORT": "63407",
    "akka": {
        "daemonic": "off",
        "logger-startup-timeout": "5s",
        "loggers": [
            "akka.event.Logging$DefaultLogger"
        ],
        "io": {
            "tcp": {
                "windows-connection-abort-workaround-enabled": "off",
                "max-received-message-size": "unlimited",
                "file-io-dispatcher": "akka.actor.default-dispatcher",
                "management-dispatcher": "akka.actor.default-dispatcher",
                "worker-dispatcher": "akka.actor.default-dispatcher",
                "direct-buffer-pool-limit": 1000,
                "register-timeout": "5s",
                "trace-logging": "off",
                "selector-dispatcher": "akka.io.pinned-dispatcher",
                "selector-association-retries": 10,
                "direct-buffer-size": "128 KiB",
                "file-io-transferTo-limit": "512 KiB",
                "max-channels": 256000,
                "batch-accept-limit": 10,
                "nr-of-selectors": 1,
                "finish-connect-retries": 5
            },
            "udp": {
                "direct-buffer-pool-limit": 1000,
                "trace-logging": "off",
                "selector-dispatcher": "akka.io.pinned-dispatcher",
                "received-message-size-limit": "unlimited",
                "receive-throughput": 3,
                "selector-association-retries": 10,
                "direct-buffer-size": "128 KiB",
                "max-channels": 4096,
                "management-dispatcher": "akka.actor.default-dispatcher",
                "select-timeout": "infinite",
                "nr-of-selectors": 1,
                "worker-dispatcher": "akka.actor.default-dispatcher"
            },
            "pinned-dispatcher": {
                "executor": "thread-pool-executor",
                "thread-pool-executor": {
                    "allow-core-timeout": "off",
                    "allow-core-pool-timeout": "off"
                },
                "type": "PinnedDispatcher"
            },
            "dns": {
                "inet-address": {
                    "positive-ttl": "30s",
                    "negative-ttl": "10s",
                    "provider-object": "akka.io.InetAddressDnsProvider",
                    "cache-cleanup-interval": "120s"
                },
                "resolver": "inet-address",
                "dispatcher": "akka.actor.default-dispatcher"
            },
            "udp-connected": {
                "direct-buffer-pool-limit": 1000,
                "trace-logging": "off",
                "selector-dispatcher": "akka.io.pinned-dispatcher",
                "received-message-size-limit": "unlimited",
                "receive-throughput": 3,
                "selector-association-retries": 10,
                "direct-buffer-size": "128 KiB",
                "max-channels": 4096,
                "management-dispatcher": "akka.actor.default-dispatcher",
                "select-timeout": "infinite",
                "nr-of-selectors": 1,
                "worker-dispatcher": "akka.actor.default-dispatcher"
            }
        },
        "log-dead-letters": 10,
        "log-config-on-start": "off",
        "version": "2.4.0",
        "jvm-exit-on-fatal-error": "on",
        "log-dead-letters-during-shutdown": "on",
        "home": "",
        "actor": {
            "default-dispatcher": {
                "attempt-teamwork": "on",
                "fork-join-executor": {
                    "parallelism-min": 8,
                    "parallelism-factor": 3,
                    "parallelism-max": 64,
                    "task-peeking-mode": "FIFO"
                },
                "mailbox-requirement": "",
                "executor": "default-executor",
                "shutdown-timeout": "1s",
                "thread-pool-executor": {
                    "max-pool-size-min": 8,
                    "max-pool-size-factor": 3,
                    "allow-core-timeout": "on",
                    "task-queue-size": -1,
                    "core-pool-size-min": 8,
                    "task-queue-type": "linked",
                    "core-pool-size-factor": 3,
                    "core-pool-size-max": 64,
                    "keep-alive-time": "60s",
                    "max-pool-size-max": 64
                },
                "throughput-deadline-time": "0ms",
                "throughput": 5,
                "type": "Dispatcher",
                "default-executor": {
                    "fallback": "fork-join-executor"
                }
            },
            "debug": {
                "lifecycle": "off",
                "unhandled": "off",
                "fsm": "off",
                "receive": "off",
                "router-misconfiguration": "off",
                "autoreceive": "off",
                "event-stream": "off"
            },
            "creation-timeout": "20s",
            "serialization-bindings": {
                "[B": "bytes",
                "java.io.Serializable": "java"
            },
            "reaper-interval": "5s",
            "guardian-supervisor-strategy": "akka.actor.DefaultSupervisorStrategy",
            "typed": {
                "timeout": "5s"
            },
            "default-mailbox": {
                "mailbox-capacity": 1000,
                "mailbox-type": "akka.dispatch.UnboundedMailbox",
                "mailbox-push-timeout-time": "10s",
                "stash-capacity": -1
            },
            "router": {
                "type-mapping": {
                    "round-robin-pool": "akka.routing.RoundRobinPool",
                    "broadcast-group": "akka.routing.BroadcastGroup",
                    "smallest-mailbox-pool": "akka.routing.SmallestMailboxPool",
                    "round-robin-group": "akka.routing.RoundRobinGroup",
                    "random-pool": "akka.routing.RandomPool",
                    "consistent-hashing-group": "akka.routing.ConsistentHashingGroup",
                    "tail-chopping-pool": "akka.routing.TailChoppingPool",
                    "scatter-gather-group": "akka.routing.ScatterGatherFirstCompletedGroup",
                    "scatter-gather-pool": "akka.routing.ScatterGatherFirstCompletedPool",
                    "balancing-pool": "akka.routing.BalancingPool",
                    "from-code": "akka.routing.NoRouter",
                    "random-group": "akka.routing.RandomGroup",
                    "broadcast-pool": "akka.routing.BroadcastPool",
                    "consistent-hashing-pool": "akka.routing.ConsistentHashingPool",
                    "tail-chopping-group": "akka.routing.TailChoppingGroup"
                }
            },
            "serializers": {
                "java": "akka.serialization.JavaSerializer",
                "bytes": "akka.serialization.ByteArraySerializer"
            },
            "mailbox": {
                "logger-queue": {
                    "mailbox-type": "akka.event.LoggerMailboxType"
                },
                "requirements": {
                    "akka.dispatch.MultipleConsumerSemantics": "akka.actor.mailbox.unbounded-queue-based",
                    "akka.dispatch.BoundedMessageQueueSemantics": "akka.actor.mailbox.bounded-queue-based",
                    "akka.dispatch.UnboundedControlAwareMessageQueueSemantics": "akka.actor.mailbox.unbounded-control-aware-queue-based",
                    "akka.dispatch.BoundedControlAwareMessageQueueSemantics": "akka.actor.mailbox.bounded-control-aware-queue-based",
                    "akka.dispatch.ControlAwareMessageQueueSemantics": "akka.actor.mailbox.unbounded-control-aware-queue-based",
                    "akka.dispatch.UnboundedDequeBasedMessageQueueSemantics": "akka.actor.mailbox.unbounded-deque-based",
                    "akka.dispatch.BoundedDequeBasedMessageQueueSemantics": "akka.actor.mailbox.bounded-deque-based",
                    "akka.dispatch.UnboundedMessageQueueSemantics": "akka.actor.mailbox.unbounded-queue-based",
                    "akka.dispatch.DequeBasedMessageQueueSemantics": "akka.actor.mailbox.unbounded-deque-based",
                    "akka.event.LoggerMessageQueueSemantics": "akka.actor.mailbox.logger-queue"
                },
                "unbounded-queue-based": {
                    "mailbox-type": "akka.dispatch.UnboundedMailbox"
                },
                "unbounded-deque-based": {
                    "mailbox-type": "akka.dispatch.UnboundedDequeBasedMailbox"
                },
                "unbounded-control-aware-queue-based": {
                    "mailbox-type": "akka.dispatch.UnboundedControlAwareMailbox"
                },
                "bounded-control-aware-queue-based": {
                    "mailbox-type": "akka.dispatch.BoundedControlAwareMailbox"
                },
                "bounded-deque-based": {
                    "mailbox-type": "akka.dispatch.BoundedDequeBasedMailbox"
                },
                "bounded-queue-based": {
                    "mailbox-type": "akka.dispatch.BoundedMailbox"
                }
            },
            "provider": "akka.actor.LocalActorRefProvider",
            "serialization-identifiers": {
                "akka.serialization.ByteArraySerializer": 4,
                "akka.serialization.JavaSerializer": 1
            },
            "serialize-creators": "off",
            "serialize-messages": "off",
            "dsl": {
                "default-timeout": "5s",
                "inbox-size": 1000
            },
            "deployment": {
                "default": {
                    "routees": {
                        "paths": [
                            
                        ]
                    },
                    "router": "from-code",
                    "mailbox": "",
                    "within": "5 seconds",
                    "tail-chopping-router": {
                        "interval": "10 milliseconds"
                    },
                    "resizer": {
                        "backoff-rate": 0.1,
                        "lower-bound": 1,
                        "rampup-rate": 0.2,
                        "pressure-threshold": 1,
                        "messages-per-resize": 10,
                        "upper-bound": 10,
                        "backoff-threshold": 0.3,
                        "enabled": "off"
                    },
                    "dispatcher": "",
                    "virtual-nodes-factor": 10,
                    "nr-of-instances": 1
                },
                "/IO-DNS/inet-address": {
                    "router": "consistent-hashing-pool",
                    "mailbox": "unbounded",
                    "nr-of-instances": 4
                }
            },
            "unstarted-push-timeout": "10s"
        },
        "scheduler": {
            "implementation": "akka.actor.LightArrayRevolverScheduler",
            "shutdown-timeout": "5s",
            "tick-duration": "10ms",
            "ticks-per-wheel": 512
        },
        "extensions": [
            
        ],
        "stdout-loglevel": "INFO",
        "loglevel": "INFO",
        "logging-filter": "akka.event.DefaultLoggingFilter"
    },
    "TMPDIR": "/home/vcap/tmp",
    "PROFILES_ACTIVE": "development-cloud",
    "CF_STACK": "lucid64",
    "NLSPATH": "/usr/dt/lib/nls/msg/%L/%N.cat",
    "cbs-billing": {
        "bill": {
            "details": {
                "path": "/cbs-kenan-bis/v1/account/%s/bills/%s"
            }
        },
        "bills": {
            "path": "/cbs-kenan-bis/v1/account/%s/bills?n=%d"
        },
        "circuit-breaker": {
            "maxFailures": 5,
            "resetTimeout": "1 minute",
            "callTimeout": "10 seconds"
        }
    },
    "MEMORY_LIMIT": "1024m",
    "user": {
        "country": "US",
        "timezone": "",
        "name": "vcap",
        "language": "en",
        "dir": "/home/vcap/app",
        "home": "/home/vcap"
    },
    "HOME": "/home/vcap/app",
    "SHLVL": "1",
    "awt": {
        "toolkit": "sun.awt.X11.XToolkit"
    }
}
not a valid json
{
    "PATH": "/bin:/usr/bin",
    "VCAP_APP_HOST": "0.0.0.0",
    "CORS_HOSTNAMES": "null",
    "line": {
        "separator": "\n"
    },
    "JAVA_OPTS": "-javaagent:lib/aspectjweaver-1.5.4.jar",
    "XFILESEARCHPATH": "/usr/dt/app-defaults/%L/Dt",
    "LANG": "en_US.UTF-8",
    "sun": {
        "jnu": {
[...]
                "idle-timeout": "60 s",
                "automatic-back-pressure-handling": "on",
                "ssl-encryption": "off",
                "raw-request-uri-header": "off",
                "unbind-timeout": "1s",
                "response-header-size-hint": 512,
                "stats-support": "on",
                "transparent-head-requests": "on",
                "timeout-timeout": "2 s",
                "default-host-header": "",
                "pipelining-limit": 1,
                "remote-address-header": "off",
                "back-pressure": {
                    "reading-low-watermark": "infinite",
                    "noack-rate": 10
                },
                "reaping-cycle": "250 ms",
                "chunkhandler-registration-timeout": "500 ms",
                "timeout-handler": ""
            },
            "host-connector": {
                "max-redirects": 0,
                "client": {
                    "proxy": {
                        "http": "default",
                        "https": "default"
                    },
                    "response-chunk-aggregation-limit": "1m",
                    "request-header-size-hint": 512,
                    "connecting-timeout": "10s",
                    "user-agent-header": "spray-can/1.3.1",
                    "request-timeout": "20 s",
                    "chunkless-streaming": "off",
                    "idle-timeout": "60 s",
                    "reaping-cycle": "250 ms",
                    "parsing": {
                        "max-chunk-ext-length": 256,
                        "max-content-length": "8m",
                        "incoming-auto-chunking-threshold-size": "infinite",
                        "max-uri-length": "2k",
                        "uri-parsing-mode": "strict",
                        "max-response-reason-length": 64,
                        "max-header-value-length": "8k",
                        "max-chunk-size": "1m",
                        "max-header-name-length": 64,
                        "ssl-session-info-header": "off",
                        "max-header-count": 64,
                        "illegal-header-warnings": "on",
                        "header-cache": {
                            "If-None-Match": 0,
                            "If-Range": 0,
                            "default": 12,
                            "If-Match": 0,
                            "User-Agent": 32,
                            "If-Modified-Since": 0,
                            "Date": 0,
                            "Content-MD5": 0,
                            "If-Unmodified-Since": 0
                        }
                    },
                    "max-encryption-chunk-size": "1m",
                    "ssl-tracing": "off"
                },
                "max-retries": 5,
                "idle-timeout": "30 s",
                "max-connections": 4,
                "pipelining": "off"
            },
            "listener-dispatcher": "akka.actor.default-dispatcher",
            "manager-dispatcher": "akka.actor.default-dispatcher",
            "client": {
                "proxy": {
                    "http": "default",
                    "https": "default"
                },
                "response-chunk-aggregation-limit": "1m",
                "request-header-size-hint": 512,
                "connecting-timeout": "10s",
                "user-agent-header": "spray-can/1.3.1",
                "request-timeout": "20 s",
                "chunkless-streaming": "off",
                "idle-timeout": "60 s",
                "reaping-cycle": "250 ms",
                "parsing": {
                    "max-chunk-ext-length": 256,
                    "max-content-length": "8m",
                    "incoming-auto-chunking-threshold-size": "infinite",
                    "max-uri-length": "2k",
                    "uri-parsing-mode": "strict",
                    "max-response-reason-length": 64,
                    "max-header-value-length": "8k",
                    "max-chunk-size": "1m",
                    "max-header-name-length": 64,
                    "ssl-session-info-header": "off",
                    "max-header-count": 64,
                    "illegal-header-warnings": "on",
                    "header-cache": {
                        "If-None-Match": 0,
                        "If-Range": 0,
                        "default": 12,
                        "If-Match": 0,
                        "User-Agent": 32,
                        "If-Modified-Since": 0,
                        "Date": 0,
                        "Content-MD5": 0,
                        "If-Unmodified-Since": 0
                    }
                },
                "max-encryption-chunk-size": "1m",
                "ssl-tracing": "off"
            },
            "parsing": {
                "max-chunk-ext-length": 256,
                "max-content-length": "8m",
                "incoming-auto-chunking-threshold-size": "infinite",
                "max-uri-length": "2k",
                "uri-parsing-mode": "strict",
                "max-response-reason-length": 64,
                "max-header-value-length": "8k",
                "max-chunk-size": "1m",
                "max-header-name-length": 64,
                "ssl-session-info-header": "off",
                "max-header-count": 64,
                "illegal-header-warnings": "on",
                "header-cache": {
                    "If-None-Match": 0,
                    "If-Range": 0,
                    "default": 12,
                    "If-Match": 0,
                    "User-Agent": 32,
                    "If-Modified-Since": 0,
                    "Date": 0,
                    "Content-MD5": 0,
                    "If-Unmodified-Since": 0
                }
            },
            "connection-dispatcher": "akka.actor.default-dispatcher",
            "host-connector-dispatcher": "akka.actor.default-dispatcher",
            "settings-group-dispatcher": "akka.actor.default-dispatcher"
        },
        "routing": {
            "file-chunking-chunk-size": "128k",
            "render-vanity-footer": "yes",
            "file-chunking-threshold-size": "128k",
            "range-coalescing-threshold": 80,
            "range-count-limit": 16,
            "verbose-error-messages": "off",
            "file-get-conditional": "on",
            "users": {
                "admin": "p4v4dm1n"
            }
        },
        "version": "1.3.1"
    },
    "VCAP_SERVICES": "{\"user-provided\":[{\"name\":\"sal-order-development-cloud\",\"label\":\"user-provided\",\"tags\":[],\"credentials\":{\"password\":\"password\",\"url\":\"https://lwsorse02.gss.bskyb.com\",\"username\":\"lws-ors\"},\"syslog_drain_url\":\"\"}]}",
    "VCAP_ZONE": "hemel",
    "OLDPWD": "/home/vcap",
    "USER": "vcap",
    "VCAP_APP_PORT": "62571",
    "akka": {
        "daemonic": "off",
        "logger-startup-timeout": "5s",
        "loggers": [
            "akka.event.Logging$DefaultLogger"
        ],
        "io": {
            "tcp": {
                "windows-connection-abort-workaround-enabled": "off",
                "max-received-message-size": "unlimited",
                "file-io-dispatcher": "akka.actor.default-dispatcher",
                "management-dispatcher": "akka.actor.default-dispatcher",
                "worker-dispatcher": "akka.actor.default-dispatcher",
                "direct-buffer-pool-limit": 1000,
                "register-timeout": "5s",
                "trace-logging": "off",
                "selector-dispatcher": "akka.io.pinned-dispatcher",
                "selector-association-retries": 10,
                "direct-buffer-size": "128 KiB",
                "file-io-transferTo-limit": "512 KiB",
                "max-channels": 256000,
                "batch-accept-limit": 10,
                "nr-of-selectors": 1,
                "finish-connect-retries": 5
            },
            "udp": {
                "direct-buffer-pool-limit": 1000,
                "trace-logging": "off",
                "selector-dispatcher": "akka.io.pinned-dispatcher",
                "received-message-size-limit": "unlimited",
                "receive-throughput": 3,
                "selector-association-retries": 10,
                "direct-buffer-size": "128 KiB",
                "max-channels": 4096,
                "management-dispatcher": "akka.actor.default-dispatcher",
                "select-timeout": "infinite",
                "nr-of-selectors": 1,
                "worker-dispatcher": "akka.actor.default-dispatcher"
            },
            "pinned-dispatcher": {
                "executor": "thread-pool-executor",
                "thread-pool-executor": {
                    "allow-core-timeout": "off",
                    "allow-core-pool-timeout": "off"
                },
                "type": "PinnedDispatcher"
            },
            "dns": {
                "inet-address": {
                    "positive-ttl": "30s",
                    "negative-ttl": "10s",
                    "provider-object": "akka.io.InetAddressDnsProvider",
                    "cache-cleanup-interval": "120s"
                },
                "resolver": "inet-address",
                "dispatcher": "akka.actor.default-dispatcher"
            },
            "udp-connected": {
                "direct-buffer-pool-limit": 1000,
                "trace-logging": "off",
                "selector-dispatcher": "akka.io.pinned-dispatcher",
                "received-message-size-limit": "unlimited",
                "receive-throughput": 3,
                "selector-association-retries": 10,
                "direct-buffer-size": "128 KiB",
                "max-channels": 4096,
                "management-dispatcher": "akka.actor.default-dispatcher",
                "select-timeout": "infinite",
                "nr-of-selectors": 1,
                "worker-dispatcher": "akka.actor.default-dispatcher"
            }
        },
        "log-dead-letters": 10,
        "log-config-on-start": "off",
        "version": "2.4.0",
        "jvm-exit-on-fatal-error": "on",
        "log-dead-letters-during-shutdown": "on",
        "home": "",
        "actor": {
            "default-dispatcher": {
                "attempt-teamwork": "on",
                "fork-join-executor": {
                    "parallelism-min": 8,
                    "parallelism-factor": 3,
                    "parallelism-max": 64,
                    "task-peeking-mode": "FIFO"
                },
                "mailbox-requirement": "",
                "executor": "default-executor",
                "shutdown-timeout": "1s",
                "thread-pool-executor": {
                    "max-pool-size-min": 8,
                    "max-pool-size-factor": 3,
                    "allow-core-timeout": "on",
                    "task-queue-size": -1,
                    "core-pool-size-min": 8,
                    "task-queue-type": "linked",
                    "core-pool-size-factor": 3,
                    "core-pool-size-max": 64,
                    "keep-alive-time": "60s",
                    "max-pool-size-max": 64
                },
                "throughput-deadline-time": "0ms",
                "throughput": 5,
                "type": "Dispatcher",
                "default-executor": {
                    "fallback": "fork-join-executor"
                }
            },
            "debug": {
                "lifecycle": "off",
                "unhandled": "off",
                "fsm": "off",
                "receive": "off",
                "router-misconfiguration": "off",
                "autoreceive": "off",
                "event-stream": "off"
            },
            "creation-timeout": "20s",
            "serialization-bindings": {
                "[B": "bytes",
                "java.io.Serializable": "java"
            },
            "reaper-interval": "5s",
            "guardian-supervisor-strategy": "akka.actor.DefaultSupervisorStrategy",
            "typed": {
                "timeout": "5s"
            },
            "default-mailbox": {
                "mailbox-capacity": 1000,
                "mailbox-type": "akka.dispatch.UnboundedMailbox",
                "mailbox-push-timeout-time": "10s",
                "stash-capacity": -1
            },
            "router": {
                "type-mapping": {
                    "round-robin-pool": "akka.routing.RoundRobinPool",
                    "broadcast-group": "akka.routing.BroadcastGroup",
                    "smallest-mailbox-pool": "akka.routing.SmallestMailboxPool",
                    "round-robin-group": "akka.routing.RoundRobinGroup",
                    "random-pool": "akka.routing.RandomPool",
                    "consistent-hashing-group": "akka.routing.ConsistentHashingGroup",
                    "tail-chopping-pool": "akka.routing.TailChoppingPool",
                    "scatter-gather-group": "akka.routing.ScatterGatherFirstCompletedGroup",
                    "scatter-gather-pool": "akka.routing.ScatterGatherFirstCompletedPool",
                    "balancing-pool": "akka.routing.BalancingPool",
                    "from-code": "akka.routing.NoRouter",
                    "random-group": "akka.routing.RandomGroup",
                    "broadcast-pool": "akka.routing.BroadcastPool",
                    "consistent-hashing-pool": "akka.routing.ConsistentHashingPool",
                    "tail-chopping-group": "akka.routing.TailChoppingGroup"
                }
            },
            "serializers": {
                "java": "akka.serialization.JavaSerializer",
                "bytes": "akka.serialization.ByteArraySerializer"
            },
            "mailbox": {
                "logger-queue": {
                    "mailbox-type": "akka.event.LoggerMailboxType"
                },
                "requirements": {
                    "akka.dispatch.MultipleConsumerSemantics": "akka.actor.mailbox.unbounded-queue-based",
                    "akka.dispatch.BoundedMessageQueueSemantics": "akka.actor.mailbox.bounded-queue-based",
                    "akka.dispatch.UnboundedControlAwareMessageQueueSemantics": "akka.actor.mailbox.unbounded-control-aware-queue-based",
                    "akka.dispatch.BoundedControlAwareMessageQueueSemantics": "akka.actor.mailbox.bounded-control-aware-queue-based",
                    "akka.dispatch.ControlAwareMessageQueueSemantics": "akka.actor.mailbox.unbounded-control-aware-queue-based",
                    "akka.dispatch.UnboundedDequeBasedMessageQueueSemantics": "akka.actor.mailbox.unbounded-deque-based",
                    "akka.dispatch.BoundedDequeBasedMessageQueueSemantics": "akka.actor.mailbox.bounded-deque-based",
                    "akka.dispatch.UnboundedMessageQueueSemantics": "akka.actor.mailbox.unbounded-queue-based",
                    "akka.dispatch.DequeBasedMessageQueueSemantics": "akka.actor.mailbox.unbounded-deque-based",
                    "akka.event.LoggerMessageQueueSemantics": "akka.actor.mailbox.logger-queue"
                },
                "unbounded-queue-based": {
                    "mailbox-type": "akka.dispatch.UnboundedMailbox"
                },
                "unbounded-deque-based": {
                    "mailbox-type": "akka.dispatch.UnboundedDequeBasedMailbox"
                },
                "unbounded-control-aware-queue-based": {
                    "mailbox-type": "akka.dispatch.UnboundedControlAwareMailbox"
                },
                "bounded-control-aware-queue-based": {
                    "mailbox-type": "akka.dispatch.BoundedControlAwareMailbox"
                },
                "bounded-deque-based": {
                    "mailbox-type": "akka.dispatch.BoundedDequeBasedMailbox"
                },
                "bounded-queue-based": {
                    "mailbox-type": "akka.dispatch.BoundedMailbox"
                }
            },
            "provider": "akka.actor.LocalActorRefProvider",
            "serialization-identifiers": {
                "akka.serialization.ByteArraySerializer": 4,
                "akka.serialization.JavaSerializer": 1
            },
            "serialize-creators": "off",
            "serialize-messages": "off",
            "dsl": {
                "default-timeout": "5s",
                "inbox-size": 1000
            },
            "deployment": {
                "default": {
                    "routees": {
                        "paths": [
                            
                        ]
                    },
                    "router": "from-code",
                    "mailbox": "",
                    "within": "5 seconds",
                    "tail-chopping-router": {
                        "interval": "10 milliseconds"
                    },
                    "resizer": {
                        "backoff-rate": 0.1,
                        "lower-bound": 1,
                        "rampup-rate": 0.2,
                        "pressure-threshold": 1,
                        "messages-per-resize": 10,
                        "upper-bound": 10,
                        "backoff-threshold": 0.3,
                        "enabled": "off"
                    },
                    "dispatcher": "",
                    "virtual-nodes-factor": 10,
                    "nr-of-instances": 1
                },
                "/IO-DNS/inet-address": {
                    "router": "consistent-hashing-pool",
                    "mailbox": "unbounded",
                    "nr-of-instances": 4
                }
            },
            "unstarted-push-timeout": "10s"
        },
        "scheduler": {
            "implementation": "akka.actor.LightArrayRevolverScheduler",
            "shutdown-timeout": "5s",
            "tick-duration": "10ms",
            "ticks-per-wheel": 512
        },
        "extensions": [
            
        ],
        "stdout-loglevel": "INFO",
        "loglevel": "INFO",
        "logging-filter": "akka.event.DefaultLoggingFilter"
    },
    "TMPDIR": "/home/vcap/tmp",
    "sal-order-development-cloud": {
        "credentials": {
            "password": "*****",
            "url": "https://lwsorse02_gss_bskyb_com",
            "username": "lws-ors"
        },
        "syslog_drain_url": "",
        "name": "sal-order-development-cloud",
        "label": "user-provided",
        "tags": [
            
        ]
    },
    "PROFILES_ACTIVE": "development-cloud",
    "CF_STACK": "lucid64",
    "NLSPATH": "/usr/dt/lib/nls/msg/%L/%N.cat",
    "MEMORY_LIMIT": "1024m",
    "user": {
        "country": "US",
        "timezone": "",
        "name": "vcap",
        "language": "en",
        "dir": "/home/vcap/app",
        "home": "/home/vcap"
    },
    "HOME": "/home/vcap/app",
    "SHLVL": "1",
    "awt": {
        "toolkit": "sun.awt.X11.XToolkit"
    }
}

  @POUpdateCustomer @PO @ALL
  Scenario Outline: Update Customer field length validations ?[90m# features/po/UpdateCustomer.feature:77?[0m
    ?[32mGiven ?[0m?[32mI target the ?[0m?[32m?[1mPO?[0m?[32m environment?[0m                        ?[90m# CommonStepDefs.I_target_the_environment(String)?[0m
    ?[32mWhen ?[0m?[32mI create an interaction reference?[0m                   ?[90m# InteractionStepDefs.i_create_an_interaction_reference()?[0m
    ?[32mAnd ?[0m?[32mI update the customer with?[0m                           ?[90m# CustomerStepDefs.I_update_the_customer_with(String)?[0m
      """
      {
        "profileId": "jovi",
        "identity": {
          "title": "mr",
          "firstName": "",
          "lastName": "dias"
        },
        "email": "jovez10@gmail.com",
        "mobile": "233232323"
      }
      """
    ?[32mThen ?[0m?[32mthe response status is ?[0m?[32m?[1m422?[0m                          ?[90m# RestStepDefinitions.theResponseStatusIs(int)?[0m
]]></system-out>
  <system-err><![CDATA[]]></system-err>
</testsuite>
